<?xml version="1.0" encoding="UTF-8"?>
<testsuite xmlns:xsi="http://www.w3.org/2001/XMLSchema-instance" xsi:noNamespaceSchemaLocation="https://maven.apache.org/surefire/maven-surefire-plugin/xsd/surefire-test-report-3.0.xsd" version="3.0" name="TestSuite" time="593.594" tests="17" errors="0" skipped="0" failures="0">
  <properties>
    <property name="gopherProxySet" value="false"/>
    <property name="awt.toolkit" value="sun.lwawt.macosx.LWCToolkit"/>
    <property name="http.proxyHost" value="10.0.0.31"/>
    <property name="java.specification.version" value="11"/>
    <property name="sun.cpu.isalist" value=""/>
    <property name="sun.jnu.encoding" value="UTF-8"/>
    <property name="java.class.path" value="/Users/I772772/Documents/workspace/eclipse-workspace/Selenium/target/test-classes:/Users/I772772/Documents/workspace/eclipse-workspace/Selenium/target/classes:/Users/I772772/.m2/repository/org/seleniumhq/selenium/selenium-java/4.20.0/selenium-java-4.20.0.jar:/Users/I772772/.m2/repository/org/seleniumhq/selenium/selenium-api/4.20.0/selenium-api-4.20.0.jar:/Users/I772772/.m2/repository/org/seleniumhq/selenium/selenium-chrome-driver/4.20.0/selenium-chrome-driver-4.20.0.jar:/Users/I772772/.m2/repository/com/google/auto/service/auto-service-annotations/1.1.1/auto-service-annotations-1.1.1.jar:/Users/I772772/.m2/repository/org/seleniumhq/selenium/selenium-chromium-driver/4.20.0/selenium-chromium-driver-4.20.0.jar:/Users/I772772/.m2/repository/org/seleniumhq/selenium/selenium-json/4.20.0/selenium-json-4.20.0.jar:/Users/I772772/.m2/repository/org/seleniumhq/selenium/selenium-manager/4.20.0/selenium-manager-4.20.0.jar:/Users/I772772/.m2/repository/org/seleniumhq/selenium/selenium-devtools-v122/4.20.0/selenium-devtools-v122-4.20.0.jar:/Users/I772772/.m2/repository/org/seleniumhq/selenium/selenium-devtools-v123/4.20.0/selenium-devtools-v123-4.20.0.jar:/Users/I772772/.m2/repository/org/seleniumhq/selenium/selenium-devtools-v124/4.20.0/selenium-devtools-v124-4.20.0.jar:/Users/I772772/.m2/repository/org/seleniumhq/selenium/selenium-devtools-v85/4.20.0/selenium-devtools-v85-4.20.0.jar:/Users/I772772/.m2/repository/org/seleniumhq/selenium/selenium-edge-driver/4.20.0/selenium-edge-driver-4.20.0.jar:/Users/I772772/.m2/repository/org/seleniumhq/selenium/selenium-firefox-driver/4.20.0/selenium-firefox-driver-4.20.0.jar:/Users/I772772/.m2/repository/org/seleniumhq/selenium/selenium-http/4.20.0/selenium-http-4.20.0.jar:/Users/I772772/.m2/repository/dev/failsafe/failsafe/3.3.2/failsafe-3.3.2.jar:/Users/I772772/.m2/repository/org/seleniumhq/selenium/selenium-ie-driver/4.20.0/selenium-ie-driver-4.20.0.jar:/Users/I772772/.m2/repository/org/seleniumhq/selenium/selenium-remote-driver/4.20.0/selenium-remote-driver-4.20.0.jar:/Users/I772772/.m2/repository/io/opentelemetry/semconv/opentelemetry-semconv/1.25.0-alpha/opentelemetry-semconv-1.25.0-alpha.jar:/Users/I772772/.m2/repository/io/opentelemetry/opentelemetry-api/1.37.0/opentelemetry-api-1.37.0.jar:/Users/I772772/.m2/repository/io/opentelemetry/opentelemetry-context/1.37.0/opentelemetry-context-1.37.0.jar:/Users/I772772/.m2/repository/io/opentelemetry/opentelemetry-exporter-logging/1.37.0/opentelemetry-exporter-logging-1.37.0.jar:/Users/I772772/.m2/repository/io/opentelemetry/opentelemetry-sdk-common/1.37.0/opentelemetry-sdk-common-1.37.0.jar:/Users/I772772/.m2/repository/io/opentelemetry/opentelemetry-sdk-extension-autoconfigure-spi/1.37.0/opentelemetry-sdk-extension-autoconfigure-spi-1.37.0.jar:/Users/I772772/.m2/repository/io/opentelemetry/opentelemetry-sdk-extension-autoconfigure/1.37.0/opentelemetry-sdk-extension-autoconfigure-1.37.0.jar:/Users/I772772/.m2/repository/io/opentelemetry/opentelemetry-api-incubator/1.37.0-alpha/opentelemetry-api-incubator-1.37.0-alpha.jar:/Users/I772772/.m2/repository/io/opentelemetry/opentelemetry-sdk-trace/1.37.0/opentelemetry-sdk-trace-1.37.0.jar:/Users/I772772/.m2/repository/io/opentelemetry/opentelemetry-sdk/1.37.0/opentelemetry-sdk-1.37.0.jar:/Users/I772772/.m2/repository/io/opentelemetry/opentelemetry-sdk-metrics/1.37.0/opentelemetry-sdk-metrics-1.37.0.jar:/Users/I772772/.m2/repository/io/opentelemetry/opentelemetry-sdk-logs/1.37.0/opentelemetry-sdk-logs-1.37.0.jar:/Users/I772772/.m2/repository/net/bytebuddy/byte-buddy/1.14.14/byte-buddy-1.14.14.jar:/Users/I772772/.m2/repository/org/seleniumhq/selenium/selenium-os/4.20.0/selenium-os-4.20.0.jar:/Users/I772772/.m2/repository/org/apache/commons/commons-exec/1.4.0/commons-exec-1.4.0.jar:/Users/I772772/.m2/repository/org/seleniumhq/selenium/selenium-safari-driver/4.20.0/selenium-safari-driver-4.20.0.jar:/Users/I772772/.m2/repository/org/seleniumhq/selenium/selenium-support/4.20.0/selenium-support-4.20.0.jar:/Users/I772772/.m2/repository/io/rest-assured/rest-assured/5.4.0/rest-assured-5.4.0.jar:/Users/I772772/.m2/repository/org/apache/groovy/groovy/4.0.16/groovy-4.0.16.jar:/Users/I772772/.m2/repository/org/apache/groovy/groovy-xml/4.0.16/groovy-xml-4.0.16.jar:/Users/I772772/.m2/repository/org/apache/httpcomponents/httpclient/4.5.13/httpclient-4.5.13.jar:/Users/I772772/.m2/repository/org/apache/httpcomponents/httpcore/4.4.13/httpcore-4.4.13.jar:/Users/I772772/.m2/repository/commons-logging/commons-logging/1.2/commons-logging-1.2.jar:/Users/I772772/.m2/repository/org/apache/httpcomponents/httpmime/4.5.13/httpmime-4.5.13.jar:/Users/I772772/.m2/repository/org/hamcrest/hamcrest/2.2/hamcrest-2.2.jar:/Users/I772772/.m2/repository/org/ccil/cowan/tagsoup/tagsoup/1.2.1/tagsoup-1.2.1.jar:/Users/I772772/.m2/repository/io/rest-assured/json-path/5.4.0/json-path-5.4.0.jar:/Users/I772772/.m2/repository/org/apache/groovy/groovy-json/4.0.16/groovy-json-4.0.16.jar:/Users/I772772/.m2/repository/io/rest-assured/rest-assured-common/5.4.0/rest-assured-common-5.4.0.jar:/Users/I772772/.m2/repository/io/rest-assured/xml-path/5.4.0/xml-path-5.4.0.jar:/Users/I772772/.m2/repository/io/rest-assured/json-schema-validator/5.4.0/json-schema-validator-5.4.0.jar:/Users/I772772/.m2/repository/com/github/java-json-tools/json-schema-validator/2.2.14/json-schema-validator-2.2.14.jar:/Users/I772772/.m2/repository/com/github/java-json-tools/jackson-coreutils-equivalence/1.0/jackson-coreutils-equivalence-1.0.jar:/Users/I772772/.m2/repository/com/github/java-json-tools/jackson-coreutils/2.0/jackson-coreutils-2.0.jar:/Users/I772772/.m2/repository/com/github/java-json-tools/msg-simple/1.2/msg-simple-1.2.jar:/Users/I772772/.m2/repository/com/github/java-json-tools/btf/1.3/btf-1.3.jar:/Users/I772772/.m2/repository/com/github/java-json-tools/json-schema-core/1.2.14/json-schema-core-1.2.14.jar:/Users/I772772/.m2/repository/com/github/java-json-tools/uri-template/0.10/uri-template-0.10.jar:/Users/I772772/.m2/repository/org/mozilla/rhino/1.7.7.2/rhino-1.7.7.2.jar:/Users/I772772/.m2/repository/com/sun/mail/mailapi/1.6.2/mailapi-1.6.2.jar:/Users/I772772/.m2/repository/joda-time/joda-time/2.10.5/joda-time-2.10.5.jar:/Users/I772772/.m2/repository/com/googlecode/libphonenumber/libphonenumber/8.11.1/libphonenumber-8.11.1.jar:/Users/I772772/.m2/repository/com/google/code/findbugs/jsr305/3.0.2/jsr305-3.0.2.jar:/Users/I772772/.m2/repository/net/sf/jopt-simple/jopt-simple/5.0.4/jopt-simple-5.0.4.jar:/Users/I772772/.m2/repository/com/google/guava/guava/32.0.1-jre/guava-32.0.1-jre.jar:/Users/I772772/.m2/repository/com/google/guava/failureaccess/1.0.1/failureaccess-1.0.1.jar:/Users/I772772/.m2/repository/com/google/guava/listenablefuture/9999.0-empty-to-avoid-conflict-with-guava/listenablefuture-9999.0-empty-to-avoid-conflict-with-guava.jar:/Users/I772772/.m2/repository/org/checkerframework/checker-qual/3.33.0/checker-qual-3.33.0.jar:/Users/I772772/.m2/repository/com/google/errorprone/error_prone_annotations/2.18.0/error_prone_annotations-2.18.0.jar:/Users/I772772/.m2/repository/com/google/j2objc/j2objc-annotations/2.8/j2objc-annotations-2.8.jar:/Users/I772772/.m2/repository/com/github/scribejava/scribejava-core/8.3.1/scribejava-core-8.3.1.jar:/Users/I772772/.m2/repository/com/github/scribejava/scribejava-java8/8.3.1/scribejava-java8-8.3.1.jar:/Users/I772772/.m2/repository/com/fasterxml/jackson/core/jackson-databind/2.12.3/jackson-databind-2.12.3.jar:/Users/I772772/.m2/repository/com/fasterxml/jackson/core/jackson-annotations/2.12.3/jackson-annotations-2.12.3.jar:/Users/I772772/.m2/repository/com/fasterxml/jackson/core/jackson-core/2.12.3/jackson-core-2.12.3.jar:/Users/I772772/.m2/repository/com/google/code/gson/gson/2.10.1/gson-2.10.1.jar:/Users/I772772/.m2/repository/io/appium/java-client/9.2.2/java-client-9.2.2.jar:/Users/I772772/.m2/repository/org/testng/testng/7.9.0/testng-7.9.0.jar:/Users/I772772/.m2/repository/com/beust/jcommander/1.82/jcommander-1.82.jar:/Users/I772772/.m2/repository/org/webjars/jquery/3.7.1/jquery-3.7.1.jar:/Users/I772772/.m2/repository/org/apache/poi/poi/5.2.5/poi-5.2.5.jar:/Users/I772772/.m2/repository/commons-codec/commons-codec/1.16.0/commons-codec-1.16.0.jar:/Users/I772772/.m2/repository/org/apache/commons/commons-collections4/4.4/commons-collections4-4.4.jar:/Users/I772772/.m2/repository/org/apache/commons/commons-math3/3.6.1/commons-math3-3.6.1.jar:/Users/I772772/.m2/repository/commons-io/commons-io/2.15.0/commons-io-2.15.0.jar:/Users/I772772/.m2/repository/com/zaxxer/SparseBitSet/1.3/SparseBitSet-1.3.jar:/Users/I772772/.m2/repository/org/apache/poi/poi-ooxml/5.2.5/poi-ooxml-5.2.5.jar:/Users/I772772/.m2/repository/org/apache/poi/poi-ooxml-lite/5.2.5/poi-ooxml-lite-5.2.5.jar:/Users/I772772/.m2/repository/org/apache/xmlbeans/xmlbeans/5.2.0/xmlbeans-5.2.0.jar:/Users/I772772/.m2/repository/org/apache/commons/commons-compress/1.25.0/commons-compress-1.25.0.jar:/Users/I772772/.m2/repository/com/github/virtuald/curvesapi/1.08/curvesapi-1.08.jar:/Users/I772772/.m2/repository/org/apache/commons/commons-lang3/3.14.0/commons-lang3-3.14.0.jar:/Users/I772772/.m2/repository/log4j/log4j/1.2.17/log4j-1.2.17.jar:/Users/I772772/.m2/repository/org/apache/logging/log4j/log4j-api/2.23.1/log4j-api-2.23.1.jar:/Users/I772772/.m2/repository/org/apache/logging/log4j/log4j-core/2.23.1/log4j-core-2.23.1.jar:/Users/I772772/.m2/repository/com/aventstack/extentreports/5.0.9/extentreports-5.0.9.jar:/Users/I772772/.m2/repository/io/reactivex/rxjava3/rxjava/3.0.4/rxjava-3.0.4.jar:/Users/I772772/.m2/repository/org/reactivestreams/reactive-streams/1.0.3/reactive-streams-1.0.3.jar:/Users/I772772/.m2/repository/org/freemarker/freemarker/2.3.30/freemarker-2.3.30.jar:/Users/I772772/.m2/repository/org/projectlombok/lombok/1.18.12/lombok-1.18.12.jar:/Users/I772772/.m2/repository/org/slf4j/slf4j-api/1.7.36/slf4j-api-1.7.36.jar:/Users/I772772/.m2/repository/org/slf4j/slf4j-simple/1.7.36/slf4j-simple-1.7.36.jar:/Users/I772772/.m2/repository/org/json/json/20240303/json-20240303.jar:"/>
    <property name="java.vm.vendor" value="Oracle Corporation"/>
    <property name="sun.arch.data.model" value="64"/>
    <property name="java.vendor.url" value="https://openjdk.java.net/"/>
    <property name="user.timezone" value="America/Los_Angeles"/>
    <property name="java.vm.specification.version" value="11"/>
    <property name="os.name" value="Mac OS X"/>
    <property name="sun.java.launcher" value="SUN_STANDARD"/>
    <property name="user.country" value="ZM"/>
    <property name="sun.boot.library.path" value="/Library/Java/JavaVirtualMachines/jdk-11.0.16.jdk/Contents/Home/lib"/>
    <property name="sun.java.command" value="/Users/I772772/Documents/workspace/eclipse-workspace/Selenium/target/surefire/surefirebooter-20240719134637066_3.jar /Users/I772772/Documents/workspace/eclipse-workspace/Selenium/target/surefire 2024-07-19T13-46-36_283-jvmRun1 surefire-20240719134637066_1tmp surefire_0-20240719134637066_2tmp"/>
    <property name="jdk.debug" value="release"/>
    <property name="surefire.test.class.path" value="/Users/I772772/Documents/workspace/eclipse-workspace/Selenium/target/test-classes:/Users/I772772/Documents/workspace/eclipse-workspace/Selenium/target/classes:/Users/I772772/.m2/repository/org/seleniumhq/selenium/selenium-java/4.20.0/selenium-java-4.20.0.jar:/Users/I772772/.m2/repository/org/seleniumhq/selenium/selenium-api/4.20.0/selenium-api-4.20.0.jar:/Users/I772772/.m2/repository/org/seleniumhq/selenium/selenium-chrome-driver/4.20.0/selenium-chrome-driver-4.20.0.jar:/Users/I772772/.m2/repository/com/google/auto/service/auto-service-annotations/1.1.1/auto-service-annotations-1.1.1.jar:/Users/I772772/.m2/repository/org/seleniumhq/selenium/selenium-chromium-driver/4.20.0/selenium-chromium-driver-4.20.0.jar:/Users/I772772/.m2/repository/org/seleniumhq/selenium/selenium-json/4.20.0/selenium-json-4.20.0.jar:/Users/I772772/.m2/repository/org/seleniumhq/selenium/selenium-manager/4.20.0/selenium-manager-4.20.0.jar:/Users/I772772/.m2/repository/org/seleniumhq/selenium/selenium-devtools-v122/4.20.0/selenium-devtools-v122-4.20.0.jar:/Users/I772772/.m2/repository/org/seleniumhq/selenium/selenium-devtools-v123/4.20.0/selenium-devtools-v123-4.20.0.jar:/Users/I772772/.m2/repository/org/seleniumhq/selenium/selenium-devtools-v124/4.20.0/selenium-devtools-v124-4.20.0.jar:/Users/I772772/.m2/repository/org/seleniumhq/selenium/selenium-devtools-v85/4.20.0/selenium-devtools-v85-4.20.0.jar:/Users/I772772/.m2/repository/org/seleniumhq/selenium/selenium-edge-driver/4.20.0/selenium-edge-driver-4.20.0.jar:/Users/I772772/.m2/repository/org/seleniumhq/selenium/selenium-firefox-driver/4.20.0/selenium-firefox-driver-4.20.0.jar:/Users/I772772/.m2/repository/org/seleniumhq/selenium/selenium-http/4.20.0/selenium-http-4.20.0.jar:/Users/I772772/.m2/repository/dev/failsafe/failsafe/3.3.2/failsafe-3.3.2.jar:/Users/I772772/.m2/repository/org/seleniumhq/selenium/selenium-ie-driver/4.20.0/selenium-ie-driver-4.20.0.jar:/Users/I772772/.m2/repository/org/seleniumhq/selenium/selenium-remote-driver/4.20.0/selenium-remote-driver-4.20.0.jar:/Users/I772772/.m2/repository/io/opentelemetry/semconv/opentelemetry-semconv/1.25.0-alpha/opentelemetry-semconv-1.25.0-alpha.jar:/Users/I772772/.m2/repository/io/opentelemetry/opentelemetry-api/1.37.0/opentelemetry-api-1.37.0.jar:/Users/I772772/.m2/repository/io/opentelemetry/opentelemetry-context/1.37.0/opentelemetry-context-1.37.0.jar:/Users/I772772/.m2/repository/io/opentelemetry/opentelemetry-exporter-logging/1.37.0/opentelemetry-exporter-logging-1.37.0.jar:/Users/I772772/.m2/repository/io/opentelemetry/opentelemetry-sdk-common/1.37.0/opentelemetry-sdk-common-1.37.0.jar:/Users/I772772/.m2/repository/io/opentelemetry/opentelemetry-sdk-extension-autoconfigure-spi/1.37.0/opentelemetry-sdk-extension-autoconfigure-spi-1.37.0.jar:/Users/I772772/.m2/repository/io/opentelemetry/opentelemetry-sdk-extension-autoconfigure/1.37.0/opentelemetry-sdk-extension-autoconfigure-1.37.0.jar:/Users/I772772/.m2/repository/io/opentelemetry/opentelemetry-api-incubator/1.37.0-alpha/opentelemetry-api-incubator-1.37.0-alpha.jar:/Users/I772772/.m2/repository/io/opentelemetry/opentelemetry-sdk-trace/1.37.0/opentelemetry-sdk-trace-1.37.0.jar:/Users/I772772/.m2/repository/io/opentelemetry/opentelemetry-sdk/1.37.0/opentelemetry-sdk-1.37.0.jar:/Users/I772772/.m2/repository/io/opentelemetry/opentelemetry-sdk-metrics/1.37.0/opentelemetry-sdk-metrics-1.37.0.jar:/Users/I772772/.m2/repository/io/opentelemetry/opentelemetry-sdk-logs/1.37.0/opentelemetry-sdk-logs-1.37.0.jar:/Users/I772772/.m2/repository/net/bytebuddy/byte-buddy/1.14.14/byte-buddy-1.14.14.jar:/Users/I772772/.m2/repository/org/seleniumhq/selenium/selenium-os/4.20.0/selenium-os-4.20.0.jar:/Users/I772772/.m2/repository/org/apache/commons/commons-exec/1.4.0/commons-exec-1.4.0.jar:/Users/I772772/.m2/repository/org/seleniumhq/selenium/selenium-safari-driver/4.20.0/selenium-safari-driver-4.20.0.jar:/Users/I772772/.m2/repository/org/seleniumhq/selenium/selenium-support/4.20.0/selenium-support-4.20.0.jar:/Users/I772772/.m2/repository/io/rest-assured/rest-assured/5.4.0/rest-assured-5.4.0.jar:/Users/I772772/.m2/repository/org/apache/groovy/groovy/4.0.16/groovy-4.0.16.jar:/Users/I772772/.m2/repository/org/apache/groovy/groovy-xml/4.0.16/groovy-xml-4.0.16.jar:/Users/I772772/.m2/repository/org/apache/httpcomponents/httpclient/4.5.13/httpclient-4.5.13.jar:/Users/I772772/.m2/repository/org/apache/httpcomponents/httpcore/4.4.13/httpcore-4.4.13.jar:/Users/I772772/.m2/repository/commons-logging/commons-logging/1.2/commons-logging-1.2.jar:/Users/I772772/.m2/repository/org/apache/httpcomponents/httpmime/4.5.13/httpmime-4.5.13.jar:/Users/I772772/.m2/repository/org/hamcrest/hamcrest/2.2/hamcrest-2.2.jar:/Users/I772772/.m2/repository/org/ccil/cowan/tagsoup/tagsoup/1.2.1/tagsoup-1.2.1.jar:/Users/I772772/.m2/repository/io/rest-assured/json-path/5.4.0/json-path-5.4.0.jar:/Users/I772772/.m2/repository/org/apache/groovy/groovy-json/4.0.16/groovy-json-4.0.16.jar:/Users/I772772/.m2/repository/io/rest-assured/rest-assured-common/5.4.0/rest-assured-common-5.4.0.jar:/Users/I772772/.m2/repository/io/rest-assured/xml-path/5.4.0/xml-path-5.4.0.jar:/Users/I772772/.m2/repository/io/rest-assured/json-schema-validator/5.4.0/json-schema-validator-5.4.0.jar:/Users/I772772/.m2/repository/com/github/java-json-tools/json-schema-validator/2.2.14/json-schema-validator-2.2.14.jar:/Users/I772772/.m2/repository/com/github/java-json-tools/jackson-coreutils-equivalence/1.0/jackson-coreutils-equivalence-1.0.jar:/Users/I772772/.m2/repository/com/github/java-json-tools/jackson-coreutils/2.0/jackson-coreutils-2.0.jar:/Users/I772772/.m2/repository/com/github/java-json-tools/msg-simple/1.2/msg-simple-1.2.jar:/Users/I772772/.m2/repository/com/github/java-json-tools/btf/1.3/btf-1.3.jar:/Users/I772772/.m2/repository/com/github/java-json-tools/json-schema-core/1.2.14/json-schema-core-1.2.14.jar:/Users/I772772/.m2/repository/com/github/java-json-tools/uri-template/0.10/uri-template-0.10.jar:/Users/I772772/.m2/repository/org/mozilla/rhino/1.7.7.2/rhino-1.7.7.2.jar:/Users/I772772/.m2/repository/com/sun/mail/mailapi/1.6.2/mailapi-1.6.2.jar:/Users/I772772/.m2/repository/joda-time/joda-time/2.10.5/joda-time-2.10.5.jar:/Users/I772772/.m2/repository/com/googlecode/libphonenumber/libphonenumber/8.11.1/libphonenumber-8.11.1.jar:/Users/I772772/.m2/repository/com/google/code/findbugs/jsr305/3.0.2/jsr305-3.0.2.jar:/Users/I772772/.m2/repository/net/sf/jopt-simple/jopt-simple/5.0.4/jopt-simple-5.0.4.jar:/Users/I772772/.m2/repository/com/google/guava/guava/32.0.1-jre/guava-32.0.1-jre.jar:/Users/I772772/.m2/repository/com/google/guava/failureaccess/1.0.1/failureaccess-1.0.1.jar:/Users/I772772/.m2/repository/com/google/guava/listenablefuture/9999.0-empty-to-avoid-conflict-with-guava/listenablefuture-9999.0-empty-to-avoid-conflict-with-guava.jar:/Users/I772772/.m2/repository/org/checkerframework/checker-qual/3.33.0/checker-qual-3.33.0.jar:/Users/I772772/.m2/repository/com/google/errorprone/error_prone_annotations/2.18.0/error_prone_annotations-2.18.0.jar:/Users/I772772/.m2/repository/com/google/j2objc/j2objc-annotations/2.8/j2objc-annotations-2.8.jar:/Users/I772772/.m2/repository/com/github/scribejava/scribejava-core/8.3.1/scribejava-core-8.3.1.jar:/Users/I772772/.m2/repository/com/github/scribejava/scribejava-java8/8.3.1/scribejava-java8-8.3.1.jar:/Users/I772772/.m2/repository/com/fasterxml/jackson/core/jackson-databind/2.12.3/jackson-databind-2.12.3.jar:/Users/I772772/.m2/repository/com/fasterxml/jackson/core/jackson-annotations/2.12.3/jackson-annotations-2.12.3.jar:/Users/I772772/.m2/repository/com/fasterxml/jackson/core/jackson-core/2.12.3/jackson-core-2.12.3.jar:/Users/I772772/.m2/repository/com/google/code/gson/gson/2.10.1/gson-2.10.1.jar:/Users/I772772/.m2/repository/io/appium/java-client/9.2.2/java-client-9.2.2.jar:/Users/I772772/.m2/repository/org/testng/testng/7.9.0/testng-7.9.0.jar:/Users/I772772/.m2/repository/com/beust/jcommander/1.82/jcommander-1.82.jar:/Users/I772772/.m2/repository/org/webjars/jquery/3.7.1/jquery-3.7.1.jar:/Users/I772772/.m2/repository/org/apache/poi/poi/5.2.5/poi-5.2.5.jar:/Users/I772772/.m2/repository/commons-codec/commons-codec/1.16.0/commons-codec-1.16.0.jar:/Users/I772772/.m2/repository/org/apache/commons/commons-collections4/4.4/commons-collections4-4.4.jar:/Users/I772772/.m2/repository/org/apache/commons/commons-math3/3.6.1/commons-math3-3.6.1.jar:/Users/I772772/.m2/repository/commons-io/commons-io/2.15.0/commons-io-2.15.0.jar:/Users/I772772/.m2/repository/com/zaxxer/SparseBitSet/1.3/SparseBitSet-1.3.jar:/Users/I772772/.m2/repository/org/apache/poi/poi-ooxml/5.2.5/poi-ooxml-5.2.5.jar:/Users/I772772/.m2/repository/org/apache/poi/poi-ooxml-lite/5.2.5/poi-ooxml-lite-5.2.5.jar:/Users/I772772/.m2/repository/org/apache/xmlbeans/xmlbeans/5.2.0/xmlbeans-5.2.0.jar:/Users/I772772/.m2/repository/org/apache/commons/commons-compress/1.25.0/commons-compress-1.25.0.jar:/Users/I772772/.m2/repository/com/github/virtuald/curvesapi/1.08/curvesapi-1.08.jar:/Users/I772772/.m2/repository/org/apache/commons/commons-lang3/3.14.0/commons-lang3-3.14.0.jar:/Users/I772772/.m2/repository/log4j/log4j/1.2.17/log4j-1.2.17.jar:/Users/I772772/.m2/repository/org/apache/logging/log4j/log4j-api/2.23.1/log4j-api-2.23.1.jar:/Users/I772772/.m2/repository/org/apache/logging/log4j/log4j-core/2.23.1/log4j-core-2.23.1.jar:/Users/I772772/.m2/repository/com/aventstack/extentreports/5.0.9/extentreports-5.0.9.jar:/Users/I772772/.m2/repository/io/reactivex/rxjava3/rxjava/3.0.4/rxjava-3.0.4.jar:/Users/I772772/.m2/repository/org/reactivestreams/reactive-streams/1.0.3/reactive-streams-1.0.3.jar:/Users/I772772/.m2/repository/org/freemarker/freemarker/2.3.30/freemarker-2.3.30.jar:/Users/I772772/.m2/repository/org/projectlombok/lombok/1.18.12/lombok-1.18.12.jar:/Users/I772772/.m2/repository/org/slf4j/slf4j-api/1.7.36/slf4j-api-1.7.36.jar:/Users/I772772/.m2/repository/org/slf4j/slf4j-simple/1.7.36/slf4j-simple-1.7.36.jar:/Users/I772772/.m2/repository/org/json/json/20240303/json-20240303.jar:"/>
    <property name="sun.cpu.endian" value="little"/>
    <property name="user.home" value="/Users/I772772"/>
    <property name="user.language" value="en"/>
    <property name="java.specification.vendor" value="Oracle Corporation"/>
    <property name="java.version.date" value="2022-07-19"/>
    <property name="java.home" value="/Library/Java/JavaVirtualMachines/jdk-11.0.16.jdk/Contents/Home"/>
    <property name="file.separator" value="/"/>
    <property name="style.color" value="always"/>
    <property name="basedir" value="/Users/I772772/Documents/workspace/eclipse-workspace/Selenium"/>
    <property name="java.vm.compressedOopsMode" value="Zero based"/>
    <property name="line.separator" value="&#10;"/>
    <property name="java.specification.name" value="Java Platform API Specification"/>
    <property name="java.vm.specification.vendor" value="Oracle Corporation"/>
    <property name="java.awt.graphicsenv" value="sun.awt.CGraphicsEnvironment"/>
    <property name="surefire.real.class.path" value="/Users/I772772/Documents/workspace/eclipse-workspace/Selenium/target/surefire/surefirebooter-20240719134637066_3.jar"/>
    <property name="sun.management.compiler" value="HotSpot 64-Bit Tiered Compilers"/>
    <property name="java.runtime.version" value="11.0.16+11-LTS-199"/>
    <property name="user.name" value="I772772"/>
    <property name="path.separator" value=":"/>
    <property name="os.version" value="14.4.1"/>
    <property name="java.runtime.name" value="Java(TM) SE Runtime Environment"/>
    <property name="file.encoding" value="UTF-8"/>
    <property name="java.vm.name" value="Java HotSpot(TM) 64-Bit Server VM"/>
    <property name="java.vendor.version" value="18.9"/>
    <property name="localRepository" value="/Users/I772772/.m2/repository"/>
    <property name="java.vendor.url.bug" value="https://bugreport.java.com/bugreport/"/>
    <property name="java.io.tmpdir" value="/var/folders/mf/5_bv554140d6jfx34qynnj280000gp/T/"/>
    <property name="java.version" value="11.0.16"/>
    <property name="user.dir" value="/Users/I772772/Documents/workspace/eclipse-workspace/Selenium"/>
    <property name="os.arch" value="x86_64"/>
    <property name="java.vm.specification.name" value="Java Virtual Machine Specification"/>
    <property name="java.awt.printerjob" value="sun.lwawt.macosx.CPrinterJob"/>
    <property name="sun.os.patch.level" value="unknown"/>
    <property name="java.library.path" value="/Users/I772772/Library/Java/Extensions:/Library/Java/Extensions:/Network/Library/Java/Extensions:/System/Library/Java/Extensions:/usr/lib/java:."/>
    <property name="java.vendor" value="Oracle Corporation"/>
    <property name="java.vm.info" value="mixed mode"/>
    <property name="java.vm.version" value="11.0.16+11-LTS-199"/>
    <property name="sun.io.unicode.encoding" value="UnicodeBig"/>
    <property name="java.class.version" value="55.0"/>
    <property name="http.proxyPort" value="8888"/>
  </properties>
  <testcase name="navigateToFrontDoorScreen" classname="web.tests.TestScripts.FrontDoorTestScript" time="94.707">
    <system-out><![CDATA[Start of setup() method......
End of setup() method......
######################Start of navigateToFrontDoorScreen() method......Printing the driver object: ChromeDriver: chrome on mac (3e829a35d130dad78758557367e9db05)
############################Start of handleCookiesBanner method......
No cookies banner found or unable to accept cookies.
#######################End of navigateToFrontDoorScreen() method......
]]></system-out>
    <system-err><![CDATA[Jul 19, 2024 1:47:18 PM org.openqa.selenium.devtools.CdpVersionFinder findNearestMatch
WARNING: Unable to find an exact match for CDP version 126, returning the closest version; found: 124; Please update to a Selenium version that supports CDP version 126
]]></system-err>
  </testcase>
  <testcase name="testFrontDoorSignIn[2ebtestncal1, pleasanton02](1)" classname="web.tests.TestScripts.FrontDoorTestScript" time="26.575">
    <system-out><![CDATA[The path is: /Users/I772772/Documents/workspace/eclipse-workspace/Selenium/testData/Userdata.xls
Value of rownum is: 1
Value of colnum is: 2
Just before returning the webDataFromExcel
##################################Start of testFrontDoorSignIn method with user: 2ebtestncal1
Entered the username: 2ebtestncal1
Entered the password : pleasanton02
SignInButton clicked successfully.
Clicked on sign in for user: 2ebtestncal1
#################################End of testFrontDoorSignIn method for user: 2ebtestncal1
]]></system-out>
  </testcase>
  <testcase name="feedbackBannerOnLandingPage" classname="web.tests.TestScripts.FrontDoorTestScript" time="19.543">
    <system-out><![CDATA[No feedback banner found or unable to accept feedback.
Expected condition failed: waiting for visibility of Proxy element for: DefaultElementLocator 'By.xpath: //button[contains(@aria-label, 'No: Do not take this survey. Closes this pop-up.')]' (tried for 15 second(s) with 500 milliseconds interval)
]]></system-out>
  </testcase>
  <testcase name="clickOnAppointments_Care" classname="web.tests.TestScripts.FrontDoorTestScript" time="6.49">
    <system-out><![CDATA[##############################START of clickOnAppointments_Care() method......true
menuOption_Appt_Care displayed yes or no :true
Clicked the MenuOption_Appt_Care button successfully
######################END of clickOnAppointments_Care() method......######################
]]></system-out>
  </testcase>
  <testcase name="navigateToScheduleAnAppointment" classname="web.tests.TestScripts.FrontDoorTestScript" time="48.914">
    <system-out><![CDATA[############################START of navigateToScheduleAnAppointment()() method......true
menuOption_Appt_Care displayed yes or no :true
Clicked the scheduleAnAppointmentLink successfully
######################END of navigateToScheduleAnAppointment() method......##################
]]></system-out>
  </testcase>
  <testcase name="goToscheduleMedicalAppointment" classname="web.tests.TestScripts.FrontDoorTestScript" time="66.787">
    <system-out><![CDATA[No feedback banner found or unable to accept feedback.
Expected condition failed: waiting for visibility of Proxy element for: DefaultElementLocator 'By.xpath: //button[contains(@aria-label, 'No: Do not take this survey. Closes this pop-up.')]' (tried for 15 second(s) with 500 milliseconds interval)
###########################START of goToscheduleMedicalAppointment() method......true
scheduleMedicalAppointmentButton displayed yes or no :true
Clicked the scheduleMedicalAppointmentButton successfully
###################END of goToscheduleMedicalAppointment() method......#########################
]]></system-out>
  </testcase>
  <testcase name="selectPrimaryIconPlusForAppointment" classname="web.tests.TestScripts.FrontDoorTestScript" time="25.061">
    <system-out><![CDATA[##################START of selectPrimaryIconPlusForAppointment() method......#################
No feedback banner found or unable to accept feedback.
Expected condition failed: waiting for visibility of Proxy element for: DefaultElementLocator 'By.xpath: //button[contains(@aria-label, 'No: Do not take this survey. Closes this pop-up.')]' (tried for 15 second(s) with 500 milliseconds interval)
primaryIconPlus clicked successfully.
#################END of selectPrimaryIconPlusForAppointment() method......####################
]]></system-out>
  </testcase>
  <testcase name="selectNextButtonInScheduleAppointmentPage" classname="web.tests.TestScripts.FrontDoorTestScript" time="30.268">
    <system-out><![CDATA[#################START of selectNextButtonInScheduleAppointmentPage() method......################
Now scrolling to bottom of the page
nextButtonInSheduleAppointmentPage clicked successfully.
#####################END of selectNextButtonInScheduleAppointmentPage() method......##################
]]></system-out>
  </testcase>
  <testcase name="selectFacilityDropdown" classname="web.tests.TestScripts.FrontDoorTestScript" time="12.023">
    <system-out><![CDATA[####################START of selectFacilityDropdown() method......######################
Now inside the if condition
Successfully selected this facility from dropdown: Sacramento Medical Center
#######################END of selectFacilityDropdown() method......######################
]]></system-out>
  </testcase>
  <testcase name="selectNextButtonInScheduleAppointmentPageAgain" classname="web.tests.TestScripts.FrontDoorTestScript" time="29.287">
    <system-out><![CDATA[###########################START of selectNextButtonInScheduleAppointmentPageAgain() method......#############
No feedback banner found or unable to accept feedback.
Expected condition failed: waiting for visibility of Proxy element for: DefaultElementLocator 'By.xpath: //button[contains(@aria-label, 'No: Do not take this survey. Closes this pop-up.')]' (tried for 15 second(s) with 500 milliseconds interval)
nextButtonInSheduleAppointmentPage clicked successfully.
#########################END of selectNextButtonInScheduleAppointmentPageAgain() method......###############
]]></system-out>
  </testcase>
  <testcase name="selectRadioIllnesOtherConcerns" classname="web.tests.TestScripts.FrontDoorTestScript" time="20.16">
    <system-out><![CDATA[###############START of selectRadioIllnesOtherConcerns() method......############
The selected xpath is for: Illness/Other concern
radioIllnesOtherConcerns clicked successfully.
Waiting for checkboxContinueSchedulingApt to be visible...
checkboxContinueSchedulingApt clicked successfully.
Now scrolling to bottom of the page
###############END of selectRadioIllnesOtherConcerns() method......###############
]]></system-out>
  </testcase>
  <testcase name="selectRadioReasonReturnOrFollowUp" classname="web.tests.TestScripts.FrontDoorTestScript" time="35.587">
    <system-out><![CDATA[###############START of selectRadioReasonReturnOrFollowUp() method......############
reasonReturnOrFollowUp clicked successfully.
Now scrolling to bottom of the page
###############END of selectRadioReasonReturnOrFollowUp() method......###############
]]></system-out>
  </testcase>
  <testcase name="selectRadioTypeInPerson" classname="web.tests.TestScripts.FrontDoorTestScript" time="40.617">
    <system-out><![CDATA[###############START of selectRadioTypeInPerson() method......############
typeInPerson clicked successfully.
Now scrolling to bottom of the page
###########################START of selectNextButtonInScheduleAppointmentPageAgain() method......#############
No feedback banner found or unable to accept feedback.
Expected condition failed: waiting for visibility of Proxy element for: DefaultElementLocator 'By.xpath: //button[contains(@aria-label, 'No: Do not take this survey. Closes this pop-up.')]' (tried for 15 second(s) with 500 milliseconds interval)
nextButtonInSheduleAppointmentPage clicked successfully.
#########################END of selectNextButtonInScheduleAppointmentPageAgain() method......###############
###############END of selectRadioTypeInPerson() method......###############
]]></system-out>
  </testcase>
  <testcase name="selectRadioChooseAnotherDate" classname="web.tests.TestScripts.FrontDoorTestScript" time="13.577">
    <system-out><![CDATA[###############START of selectRadioChooseAnotherDate() method......############
chooseAnotherDate clicked successfully.
Now scrolling to bottom of the page
###############END of selectRadioChooseAnotherDate() method......###############
]]></system-out>
  </testcase>
  <testcase name="selectDatePicker" classname="web.tests.TestScripts.FrontDoorTestScript" time="5.384">
    <system-out><![CDATA[###############START of selectDatePicker() method......############
datePicker clicked successfully.
Now scrolling to bottom of the page
###############END of selectDatePicker() method......###############
]]></system-out>
  </testcase>
  <testcase name="selectMonthFromCalendar" classname="web.tests.TestScripts.FrontDoorTestScript" time="59.291">
    <system-out><![CDATA[###############START of selectMonthFromCalendar() method......############
Current month on calendar is: July 2024
Printing the dates from calendar: 20
Some error happened while selecting the Month Date from Calendar
After catch block.....
###########################START of selectNextButtonInScheduleAppointmentPageAgain() method......#############
No feedback banner found or unable to accept feedback.
Expected condition failed: waiting for visibility of Proxy element for: DefaultElementLocator 'By.xpath: //button[contains(@aria-label, 'No: Do not take this survey. Closes this pop-up.')]' (tried for 15 second(s) with 500 milliseconds interval)
nextButtonInSheduleAppointmentPage clicked successfully.
#########################END of selectNextButtonInScheduleAppointmentPageAgain() method......###############
Control back to the method
true or false: true
###############END of selectMonthFromCalendar() method......###############
]]></system-out>
    <system-err><![CDATA[org.openqa.selenium.TimeoutException: Expected condition failed: waiting for visibility of [[ChromeDriver: chrome on mac (3e829a35d130dad78758557367e9db05)] -> xpath: //button[@class='icon-chevron-forward next' and @type='button' and contains(@aria-label, 'Show')]] (tried for 15 second(s) with 500 milliseconds interval)
Build info: version: '4.20.0', revision: '866c76ca80'
System info: os.name: 'Mac OS X', os.arch: 'x86_64', os.version: '14.4.1', java.version: '11.0.16'
Driver info: org.openqa.selenium.chrome.ChromeDriver
Capabilities {acceptInsecureCerts: false, browserName: chrome, browserVersion: 126.0.6478.183, chrome: {chromedriverVersion: 126.0.6478.182 (5b5d8292ddf..., userDataDir: /var/folders/mf/5_bv554140d...}, fedcm:accounts: true, goog:chromeOptions: {debuggerAddress: localhost:61986}, networkConnectionEnabled: false, pageLoadStrategy: normal, platformName: mac, proxy: Proxy(), se:cdp: ws://localhost:61986/devtoo..., se:cdpVersion: 126.0.6478.183, setWindowRect: true, strictFileInteractability: false, timeouts: {implicit: 0, pageLoad: 300000, script: 30000}, unhandledPromptBehavior: dismiss and notify, webauthn:extension:credBlob: true, webauthn:extension:largeBlob: true, webauthn:extension:minPinLength: true, webauthn:extension:prf: true, webauthn:virtualAuthenticators: true}
Session ID: 3e829a35d130dad78758557367e9db05
	at org.openqa.selenium.support.ui.WebDriverWait.timeoutException(WebDriverWait.java:84)
	at org.openqa.selenium.support.ui.FluentWait.until(FluentWait.java:228)
	at web.tests.TestScripts.FrontDoorTestScript.selectMonthFromCalendar(FrontDoorTestScript.java:473)
	at java.base/jdk.internal.reflect.NativeMethodAccessorImpl.invoke0(Native Method)
	at java.base/jdk.internal.reflect.NativeMethodAccessorImpl.invoke(NativeMethodAccessorImpl.java:62)
	at java.base/jdk.internal.reflect.DelegatingMethodAccessorImpl.invoke(DelegatingMethodAccessorImpl.java:43)
	at java.base/java.lang.reflect.Method.invoke(Method.java:566)
	at org.testng.internal.invokers.MethodInvocationHelper.invokeMethod(MethodInvocationHelper.java:139)
	at org.testng.internal.invokers.TestInvoker.invokeMethod(TestInvoker.java:664)
	at org.testng.internal.invokers.TestInvoker.invokeTestMethod(TestInvoker.java:228)
	at org.testng.internal.invokers.MethodRunner.runInSequence(MethodRunner.java:63)
	at org.testng.internal.invokers.TestInvoker$MethodInvocationAgent.invoke(TestInvoker.java:961)
	at org.testng.internal.invokers.TestInvoker.invokeTestMethods(TestInvoker.java:201)
	at org.testng.internal.invokers.TestMethodWorker.invokeTestMethods(TestMethodWorker.java:148)
	at org.testng.internal.invokers.TestMethodWorker.run(TestMethodWorker.java:128)
	at java.base/java.util.ArrayList.forEach(ArrayList.java:1541)
	at org.testng.TestRunner.privateRun(TestRunner.java:819)
	at org.testng.TestRunner.run(TestRunner.java:619)
	at org.testng.SuiteRunner.runTest(SuiteRunner.java:443)
	at org.testng.SuiteRunner.runSequentially(SuiteRunner.java:437)
	at org.testng.SuiteRunner.privateRun(SuiteRunner.java:397)
	at org.testng.SuiteRunner.run(SuiteRunner.java:336)
	at org.testng.SuiteRunnerWorker.runSuite(SuiteRunnerWorker.java:52)
	at org.testng.SuiteRunnerWorker.run(SuiteRunnerWorker.java:95)
	at org.testng.TestNG.runSuitesSequentially(TestNG.java:1301)
	at org.testng.TestNG.runSuitesLocally(TestNG.java:1228)
	at org.testng.TestNG.runSuites(TestNG.java:1134)
	at org.testng.TestNG.run(TestNG.java:1101)
	at org.apache.maven.surefire.testng.TestNGExecutor.run(TestNGExecutor.java:324)
	at org.apache.maven.surefire.testng.TestNGXmlTestSuite.execute(TestNGXmlTestSuite.java:74)
	at org.apache.maven.surefire.testng.TestNGProvider.invoke(TestNGProvider.java:123)
	at org.apache.maven.surefire.booter.ForkedBooter.runSuitesInProcess(ForkedBooter.java:456)
	at org.apache.maven.surefire.booter.ForkedBooter.execute(ForkedBooter.java:169)
	at org.apache.maven.surefire.booter.ForkedBooter.run(ForkedBooter.java:595)
	at org.apache.maven.surefire.booter.ForkedBooter.main(ForkedBooter.java:581)
]]></system-err>
  </testcase>
  <testcase name="selectTimeSlot" classname="web.tests.TestScripts.FrontDoorTestScript" time="17.033">
    <system-out><![CDATA[###############START of selectTimeSlot() method......############
Some error happened while selecting the Time Slot
###############END of selectTimeSlot() method......###############
]]></system-out>
    <system-err><![CDATA[org.openqa.selenium.TimeoutException: Expected condition failed: waiting for visibility of Proxy element for: DefaultElementLocator 'By.xpath: //div[@id='focusing-input-00']//div[@class='selectable__circle-radio']' (tried for 15 second(s) with 500 milliseconds interval)
	at org.openqa.selenium.support.ui.WebDriverWait.timeoutException(WebDriverWait.java:84)
	at org.openqa.selenium.support.ui.FluentWait.until(FluentWait.java:228)
	at web.tests.TestScripts.FrontDoorTestScript.selectTimeSlot(FrontDoorTestScript.java:515)
	at java.base/jdk.internal.reflect.NativeMethodAccessorImpl.invoke0(Native Method)
	at java.base/jdk.internal.reflect.NativeMethodAccessorImpl.invoke(NativeMethodAccessorImpl.java:62)
	at java.base/jdk.internal.reflect.DelegatingMethodAccessorImpl.invoke(DelegatingMethodAccessorImpl.java:43)
	at java.base/java.lang.reflect.Method.invoke(Method.java:566)
	at org.testng.internal.invokers.MethodInvocationHelper.invokeMethod(MethodInvocationHelper.java:139)
	at org.testng.internal.invokers.TestInvoker.invokeMethod(TestInvoker.java:664)
	at org.testng.internal.invokers.TestInvoker.invokeTestMethod(TestInvoker.java:228)
	at org.testng.internal.invokers.MethodRunner.runInSequence(MethodRunner.java:63)
	at org.testng.internal.invokers.TestInvoker$MethodInvocationAgent.invoke(TestInvoker.java:961)
	at org.testng.internal.invokers.TestInvoker.invokeTestMethods(TestInvoker.java:201)
	at org.testng.internal.invokers.TestMethodWorker.invokeTestMethods(TestMethodWorker.java:148)
	at org.testng.internal.invokers.TestMethodWorker.run(TestMethodWorker.java:128)
	at java.base/java.util.ArrayList.forEach(ArrayList.java:1541)
	at org.testng.TestRunner.privateRun(TestRunner.java:819)
	at org.testng.TestRunner.run(TestRunner.java:619)
	at org.testng.SuiteRunner.runTest(SuiteRunner.java:443)
	at org.testng.SuiteRunner.runSequentially(SuiteRunner.java:437)
	at org.testng.SuiteRunner.privateRun(SuiteRunner.java:397)
	at org.testng.SuiteRunner.run(SuiteRunner.java:336)
	at org.testng.SuiteRunnerWorker.runSuite(SuiteRunnerWorker.java:52)
	at org.testng.SuiteRunnerWorker.run(SuiteRunnerWorker.java:95)
	at org.testng.TestNG.runSuitesSequentially(TestNG.java:1301)
	at org.testng.TestNG.runSuitesLocally(TestNG.java:1228)
	at org.testng.TestNG.runSuites(TestNG.java:1134)
	at org.testng.TestNG.run(TestNG.java:1101)
	at org.apache.maven.surefire.testng.TestNGExecutor.run(TestNGExecutor.java:324)
	at org.apache.maven.surefire.testng.TestNGXmlTestSuite.execute(TestNGXmlTestSuite.java:74)
	at org.apache.maven.surefire.testng.TestNGProvider.invoke(TestNGProvider.java:123)
	at org.apache.maven.surefire.booter.ForkedBooter.runSuitesInProcess(ForkedBooter.java:456)
	at org.apache.maven.surefire.booter.ForkedBooter.execute(ForkedBooter.java:169)
	at org.apache.maven.surefire.booter.ForkedBooter.run(ForkedBooter.java:595)
	at org.apache.maven.surefire.booter.ForkedBooter.main(ForkedBooter.java:581)
Caused by: org.openqa.selenium.NoSuchElementException: no such element: Unable to locate element: {"method":"xpath","selector":"//div[@id='focusing-input-00']//div[@class='selectable__circle-radio']"}
  (Session info: chrome=126.0.6478.183)
For documentation on this error, please visit: https://www.selenium.dev/documentation/webdriver/troubleshooting/errors#no-such-element-exception
Build info: version: '4.20.0', revision: '866c76ca80'
System info: os.name: 'Mac OS X', os.arch: 'x86_64', os.version: '14.4.1', java.version: '11.0.16'
Driver info: org.openqa.selenium.chrome.ChromeDriver
Command: [3e829a35d130dad78758557367e9db05, findElement {using=xpath, value=//div[@id='focusing-input-00']//div[@class='selectable__circle-radio']}]
Capabilities {acceptInsecureCerts: false, browserName: chrome, browserVersion: 126.0.6478.183, chrome: {chromedriverVersion: 126.0.6478.182 (5b5d8292ddf..., userDataDir: /var/folders/mf/5_bv554140d...}, fedcm:accounts: true, goog:chromeOptions: {debuggerAddress: localhost:61986}, networkConnectionEnabled: false, pageLoadStrategy: normal, platformName: mac, proxy: Proxy(), se:cdp: ws://localhost:61986/devtoo..., se:cdpVersion: 126.0.6478.183, setWindowRect: true, strictFileInteractability: false, timeouts: {implicit: 0, pageLoad: 300000, script: 30000}, unhandledPromptBehavior: dismiss and notify, webauthn:extension:credBlob: true, webauthn:extension:largeBlob: true, webauthn:extension:minPinLength: true, webauthn:extension:prf: true, webauthn:virtualAuthenticators: true}
Session ID: 3e829a35d130dad78758557367e9db05
	at jdk.internal.reflect.GeneratedConstructorAccessor23.newInstance(Unknown Source)
	at java.base/jdk.internal.reflect.DelegatingConstructorAccessorImpl.newInstance(DelegatingConstructorAccessorImpl.java:45)
	at java.base/java.lang.reflect.Constructor.newInstance(Constructor.java:490)
	at org.openqa.selenium.remote.ErrorCodec.decode(ErrorCodec.java:167)
	at org.openqa.selenium.remote.codec.w3c.W3CHttpResponseCodec.decode(W3CHttpResponseCodec.java:138)
	at org.openqa.selenium.remote.codec.w3c.W3CHttpResponseCodec.decode(W3CHttpResponseCodec.java:50)
	at org.openqa.selenium.remote.HttpCommandExecutor.execute(HttpCommandExecutor.java:190)
	at org.openqa.selenium.remote.service.DriverCommandExecutor.invokeExecute(DriverCommandExecutor.java:216)
	at org.openqa.selenium.remote.service.DriverCommandExecutor.execute(DriverCommandExecutor.java:174)
	at org.openqa.selenium.remote.RemoteWebDriver.execute(RemoteWebDriver.java:518)
	at org.openqa.selenium.remote.ElementLocation$ElementFinder$2.findElement(ElementLocation.java:165)
	at org.openqa.selenium.remote.ElementLocation.findElement(ElementLocation.java:59)
	at org.openqa.selenium.remote.RemoteWebDriver.findElement(RemoteWebDriver.java:355)
	at org.openqa.selenium.remote.RemoteWebDriver.findElement(RemoteWebDriver.java:349)
	at org.openqa.selenium.support.pagefactory.DefaultElementLocator.findElement(DefaultElementLocator.java:68)
	at org.openqa.selenium.support.pagefactory.internal.LocatingElementHandler.invoke(LocatingElementHandler.java:38)
	at com.sun.proxy.$Proxy26.isDisplayed(Unknown Source)
	at org.openqa.selenium.support.ui.ExpectedConditions.elementIfVisible(ExpectedConditions.java:304)
	at org.openqa.selenium.support.ui.ExpectedConditions$10.apply(ExpectedConditions.java:290)
	at org.openqa.selenium.support.ui.ExpectedConditions$10.apply(ExpectedConditions.java:287)
	at org.openqa.selenium.support.ui.FluentWait.until(FluentWait.java:203)
	... 33 more
]]></system-err>
  </testcase>
</testsuite>