<?xml version="1.0" encoding="UTF-8"?>
<!-- Generated by org.testng.reporters.JUnitXMLReporter -->
<testsuite ignored="0" hostname="KP-WTGVC366JR" failures="1" tests="17" name="Web Login Tests" time="472.975" errors="0" timestamp="2024-07-18T13:56:35 GMT-07:00">
  <testcase classname="web.tests.TestScripts.FrontDoorTestScript" name="navigateToFrontDoorScreen" time="65.987"/>
  <testcase classname="web.tests.TestScripts.FrontDoorTestScript" name="testFrontDoorSignIn" time="23.948"/>
  <testcase classname="web.tests.TestScripts.FrontDoorTestScript" name="feedbackBannerOnLandingPage" time="15.219"/>
  <testcase classname="web.tests.TestScripts.FrontDoorTestScript" name="clickOnAppointments_Care" time="3.427"/>
  <testcase classname="web.tests.TestScripts.FrontDoorTestScript" name="navigateToScheduleAnAppointment" time="41.538"/>
  <testcase classname="web.tests.TestScripts.FrontDoorTestScript" name="goToscheduleMedicalAppointment" time="63.32"/>
  <testcase classname="web.tests.TestScripts.FrontDoorTestScript" name="selectPrimaryIconPlusForAppointment" time="21.463"/>
  <testcase classname="web.tests.TestScripts.FrontDoorTestScript" name="selectNextButtonInScheduleAppointmentPage" time="9.796"/>
  <testcase classname="web.tests.TestScripts.FrontDoorTestScript" name="selectFacilityDropdown" time="5.601"/>
  <testcase classname="web.tests.TestScripts.FrontDoorTestScript" name="selectNextButtonInScheduleAppointmentPageAgain" time="17.441"/>
  <testcase classname="web.tests.TestScripts.FrontDoorTestScript" name="selectRadioIllnesOtherConcerns" time="10.706"/>
  <testcase classname="web.tests.TestScripts.FrontDoorTestScript" name="selectRadioReasonReturnOrFollowUp" time="19.178"/>
  <testcase classname="web.tests.TestScripts.FrontDoorTestScript" name="selectRadioTypeInPerson" time="48.512"/>
  <testcase classname="web.tests.TestScripts.FrontDoorTestScript" name="selectRadioChooseAnotherDate" time="13.646"/>
  <testcase classname="web.tests.TestScripts.FrontDoorTestScript" name="selectDatePicker" time="4.733"/>
  <testcase classname="web.tests.TestScripts.FrontDoorTestScript" name="selectMonthFromCalendar" time="52.75"/>
  <testcase classname="web.tests.TestScripts.FrontDoorTestScript" name="selectTimeSlot" time="47.214">
    <failure type="java.lang.AssertionError" message="expected [true] but found [false]">
      <![CDATA[java.lang.AssertionError: expected [true] but found [false]
at web.tests.TestScripts.FrontDoorTestScript.selectTimeSlot(FrontDoorTestScript.java:522)
at java.base/java.util.ArrayList.forEach(ArrayList.java:1541)
... Removed 38 stack frames]]>
    </failure>
  </testcase> <!-- selectTimeSlot -->
</testsuite> <!-- Web Login Tests -->
