<?xml version="1.0" encoding="UTF-8"?>
<!-- Generated by org.testng.reporters.JUnitReportReporter -->
<testsuite hostname="KP-WTGVC366JR" failures="1" tests="17" name="web.tests.TestScripts.FrontDoorTestScript" time="464.479" errors="0" timestamp="2024-07-18T13:56:36 GMT-07:00" skipped="0">
  <testcase classname="web.tests.TestScripts.FrontDoorTestScript" name="navigateToFrontDoorScreen" time="65.987"/>
  <testcase classname="web.tests.TestScripts.FrontDoorTestScript" name="testFrontDoorSignIn" time="23.948"/>
  <testcase classname="web.tests.TestScripts.FrontDoorTestScript" name="feedbackBannerOnLandingPage" time="15.219"/>
  <testcase classname="web.tests.TestScripts.FrontDoorTestScript" name="clickOnAppointments_Care" time="3.427"/>
  <testcase classname="web.tests.TestScripts.FrontDoorTestScript" name="navigateToScheduleAnAppointment" time="41.538"/>
  <testcase classname="web.tests.TestScripts.FrontDoorTestScript" name="goToscheduleMedicalAppointment" time="63.320"/>
  <testcase classname="web.tests.TestScripts.FrontDoorTestScript" name="selectPrimaryIconPlusForAppointment" time="21.463"/>
  <testcase classname="web.tests.TestScripts.FrontDoorTestScript" name="selectNextButtonInScheduleAppointmentPage" time="9.796"/>
  <testcase classname="web.tests.TestScripts.FrontDoorTestScript" name="selectFacilityDropdown" time="5.601"/>
  <testcase classname="web.tests.TestScripts.FrontDoorTestScript" name="selectNextButtonInScheduleAppointmentPageAgain" time="17.441"/>
  <testcase classname="web.tests.TestScripts.FrontDoorTestScript" name="selectRadioIllnesOtherConcerns" time="10.706"/>
  <testcase classname="web.tests.TestScripts.FrontDoorTestScript" name="selectRadioReasonReturnOrFollowUp" time="19.178"/>
  <testcase classname="web.tests.TestScripts.FrontDoorTestScript" name="selectRadioTypeInPerson" time="48.512"/>
  <testcase classname="web.tests.TestScripts.FrontDoorTestScript" name="selectRadioChooseAnotherDate" time="13.646"/>
  <testcase classname="web.tests.TestScripts.FrontDoorTestScript" name="selectDatePicker" time="4.733"/>
  <testcase classname="web.tests.TestScripts.FrontDoorTestScript" name="selectMonthFromCalendar" time="52.750"/>
  <testcase classname="web.tests.TestScripts.FrontDoorTestScript" name="selectTimeSlot" time="47.214">
    <failure message="expected [true] but found [false]" type="java.lang.AssertionError">
      <![CDATA[java.lang.AssertionError: expected [true] but found [false]
at org.testng.Assert.fail(Assert.java:111)
at org.testng.Assert.failNotEquals(Assert.java:1578)
at org.testng.Assert.assertEqualsImpl(Assert.java:150)
at org.testng.Assert.assertEquals(Assert.java:132)
at org.testng.Assert.assertEquals(Assert.java:1067)
at org.testng.Assert.assertEquals(Assert.java:1031)
at org.testng.Assert.assertEquals(Assert.java:1077)
at web.tests.TestScripts.FrontDoorTestScript.selectTimeSlot(FrontDoorTestScript.java:522)
at java.base/jdk.internal.reflect.NativeMethodAccessorImpl.invoke0(Native Method)
at java.base/jdk.internal.reflect.NativeMethodAccessorImpl.invoke(NativeMethodAccessorImpl.java:62)
at java.base/jdk.internal.reflect.DelegatingMethodAccessorImpl.invoke(DelegatingMethodAccessorImpl.java:43)
at java.base/java.lang.reflect.Method.invoke(Method.java:566)
at org.testng.internal.invokers.MethodInvocationHelper.invokeMethod(MethodInvocationHelper.java:139)
at org.testng.internal.invokers.TestInvoker.invokeMethod(TestInvoker.java:664)
at org.testng.internal.invokers.TestInvoker.invokeTestMethod(TestInvoker.java:228)
at org.testng.internal.invokers.MethodRunner.runInSequence(MethodRunner.java:63)
at org.testng.internal.invokers.TestInvoker$MethodInvocationAgent.invoke(TestInvoker.java:961)
at org.testng.internal.invokers.TestInvoker.invokeTestMethods(TestInvoker.java:201)
at org.testng.internal.invokers.TestMethodWorker.invokeTestMethods(TestMethodWorker.java:148)
at org.testng.internal.invokers.TestMethodWorker.run(TestMethodWorker.java:128)
at java.base/java.util.ArrayList.forEach(ArrayList.java:1541)
at org.testng.TestRunner.privateRun(TestRunner.java:819)
at org.testng.TestRunner.run(TestRunner.java:619)
at org.testng.SuiteRunner.runTest(SuiteRunner.java:443)
at org.testng.SuiteRunner.runSequentially(SuiteRunner.java:437)
at org.testng.SuiteRunner.privateRun(SuiteRunner.java:397)
at org.testng.SuiteRunner.run(SuiteRunner.java:336)
at org.testng.SuiteRunnerWorker.runSuite(SuiteRunnerWorker.java:52)
at org.testng.SuiteRunnerWorker.run(SuiteRunnerWorker.java:95)
at org.testng.TestNG.runSuitesSequentially(TestNG.java:1301)
at org.testng.TestNG.runSuitesLocally(TestNG.java:1228)
at org.testng.TestNG.runSuites(TestNG.java:1134)
at org.testng.TestNG.run(TestNG.java:1101)
at org.apache.maven.surefire.testng.TestNGExecutor.run(TestNGExecutor.java:324)
at org.apache.maven.surefire.testng.TestNGXmlTestSuite.execute(TestNGXmlTestSuite.java:74)
at org.apache.maven.surefire.testng.TestNGProvider.invoke(TestNGProvider.java:123)
at org.apache.maven.surefire.booter.ForkedBooter.runSuitesInProcess(ForkedBooter.java:456)
at org.apache.maven.surefire.booter.ForkedBooter.execute(ForkedBooter.java:169)
at org.apache.maven.surefire.booter.ForkedBooter.run(ForkedBooter.java:595)
at org.apache.maven.surefire.booter.ForkedBooter.main(ForkedBooter.java:581)
]]>
    </failure>
  </testcase> <!-- selectTimeSlot -->
</testsuite> <!-- web.tests.TestScripts.FrontDoorTestScript -->
